b/intermediates/manifest_merge_blame_file/release/processReleaseMainManifest/manifest-merger-blame-release-report.txt
1<?xml version="1.0" encoding="utf-8"?>
2<manifest xmlns:android="http://schemas.android.com/apk/res/android"
3    package="com.example.gestaobilhares"
4    android:versionCode="1"
5    android:versionName="1.0" >
6
7    <uses-sdk
8        android:minSdkVersion="24"
9        android:targetSdkVersion="34" />
10
11    <uses-permission android:name="android.permission.INTERNET" />
11-->src\main\AndroidManifest.xml:5:5-67
11-->src\main\AndroidManifest.xml:5:22-64
12    <uses-permission android:name="android.permission.ACCESS_NETWORK_STATE" />
12-->src\main\AndroidManifest.xml:6:5-79
12-->src\main\AndroidManifest.xml:6:22-76
13    <uses-permission android:name="android.permission.BLUETOOTH" />
13-->src\main\AndroidManifest.xml:7:5-68
13-->src\main\AndroidManifest.xml:7:22-65
14    <!-- BLUETOOTH_ADMIN é legado e não necessário em APIs modernas -->
15    <uses-permission android:name="android.permission.BLUETOOTH_CONNECT" />
15-->src\main\AndroidManifest.xml:9:5-76
15-->src\main\AndroidManifest.xml:9:22-73
16    <uses-permission android:name="android.permission.BLUETOOTH_SCAN" />
16-->src\main\AndroidManifest.xml:10:5-73
16-->src\main\AndroidManifest.xml:10:22-70
17    <!-- Removido: usar Scoped Storage + FileProvider -->
18    <!-- ✅ NOVO: Permissões de Geolocalização -->
19    <uses-permission android:name="android.permission.ACCESS_FINE_LOCATION" />
19-->src\main\AndroidManifest.xml:13:5-79
19-->src\main\AndroidManifest.xml:13:22-76
20    <uses-permission android:name="android.permission.ACCESS_COARSE_LOCATION" />
20-->src\main\AndroidManifest.xml:14:5-81
20-->src\main\AndroidManifest.xml:14:22-78
21
22    <!-- ✅ NOVO: Permissões para Câmera -->
23    <uses-permission android:name="android.permission.CAMERA" />
23-->src\main\AndroidManifest.xml:17:5-65
23-->src\main\AndroidManifest.xml:17:22-62
24
25    <uses-feature
25-->src\main\AndroidManifest.xml:18:5-85
26        android:name="android.hardware.camera"
26-->src\main\AndroidManifest.xml:18:19-57
27        android:required="false" />
27-->src\main\AndroidManifest.xml:18:58-82
28    <uses-feature
28-->src\main\AndroidManifest.xml:19:5-95
29        android:name="android.hardware.camera.autofocus"
29-->src\main\AndroidManifest.xml:19:19-67
30        android:required="false" />
30-->src\main\AndroidManifest.xml:19:68-92
31
32    <uses-permission android:name="com.google.android.providers.gsf.permission.READ_GSERVICES" />
32-->[com.google.android.recaptcha:recaptcha:18.4.0] AndroidManifest.xml:9:5-98
32-->[com.google.android.recaptcha:recaptcha:18.4.0] AndroidManifest.xml:9:22-95
33    <uses-permission android:name="android.permission.WAKE_LOCK" />
33-->[androidx.work:work-runtime:2.9.1] AndroidManifest.xml:23:5-68
33-->[androidx.work:work-runtime:2.9.1] AndroidManifest.xml:23:22-65
34    <uses-permission android:name="android.permission.RECEIVE_BOOT_COMPLETED" />
34-->[androidx.work:work-runtime:2.9.1] AndroidManifest.xml:25:5-81
34-->[androidx.work:work-runtime:2.9.1] AndroidManifest.xml:25:22-78
35    <uses-permission android:name="android.permission.FOREGROUND_SERVICE" />
35-->[androidx.work:work-runtime:2.9.1] AndroidManifest.xml:26:5-77
35-->[androidx.work:work-runtime:2.9.1] AndroidManifest.xml:26:22-74
36
37    <permission
37-->[androidx.core:core:1.12.0] AndroidManifest.xml:22:5-24:47
38        android:name="com.example.gestaobilhares.DYNAMIC_RECEIVER_NOT_EXPORTED_PERMISSION"
38-->[androidx.core:core:1.12.0] AndroidManifest.xml:23:9-81
39        android:protectionLevel="signature" />
39-->[androidx.core:core:1.12.0] AndroidManifest.xml:24:9-44
40
41    <uses-permission android:name="com.example.gestaobilhares.DYNAMIC_RECEIVER_NOT_EXPORTED_PERMISSION" />
41-->[androidx.core:core:1.12.0] AndroidManifest.xml:26:5-97
41-->[androidx.core:core:1.12.0] AndroidManifest.xml:26:22-94
42
43    <application
43-->src\main\AndroidManifest.xml:21:5-52:19
44        android:name="com.example.gestaobilhares.GestaoBilharesApplication"
44-->src\main\AndroidManifest.xml:22:9-76
45        android:allowBackup="false"
45-->src\main\AndroidManifest.xml:23:9-36
46        android:appComponentFactory="androidx.core.app.CoreComponentFactory"
46-->[androidx.core:core:1.12.0] AndroidManifest.xml:28:18-86
47        android:extractNativeLibs="false"
48        android:icon="@drawable/bilhar_launcher"
48-->src\main\AndroidManifest.xml:24:9-49
49        android:label="@string/app_name"
49-->src\main\AndroidManifest.xml:25:9-41
50        android:roundIcon="@drawable/bilhar_launcher"
50-->src\main\AndroidManifest.xml:26:9-54
51        android:supportsRtl="true"
51-->src\main\AndroidManifest.xml:27:9-35
52        android:theme="@style/Theme.GestaoBilhares" >
52-->src\main\AndroidManifest.xml:28:9-52
53        <activity
53-->src\main\AndroidManifest.xml:31:9-39:20
54            android:name="com.example.gestaobilhares.MainActivity"
54-->src\main\AndroidManifest.xml:32:13-41
55            android:exported="true"
55-->src\main\AndroidManifest.xml:33:13-36
56            android:theme="@style/Theme.GestaoBilhares" >
56-->src\main\AndroidManifest.xml:34:13-56
57            <intent-filter>
57-->src\main\AndroidManifest.xml:35:13-38:29
58                <action android:name="android.intent.action.MAIN" />
58-->src\main\AndroidManifest.xml:36:17-69
58-->src\main\AndroidManifest.xml:36:25-66
59
60                <category android:name="android.intent.category.LAUNCHER" />
60-->src\main\AndroidManifest.xml:37:17-77
60-->src\main\AndroidManifest.xml:37:27-74
61            </intent-filter>
62        </activity>
63
64        <!-- ✅ NOVO: FileProvider para compartilhamento de PDFs -->
65        <provider
66            android:name="androidx.core.content.FileProvider"
66-->src\main\AndroidManifest.xml:43:13-62
67            android:authorities="com.example.gestaobilhares.fileprovider"
67-->src\main\AndroidManifest.xml:44:13-64
68            android:exported="false"
68-->src\main\AndroidManifest.xml:45:13-37
69            android:grantUriPermissions="true" >
69-->src\main\AndroidManifest.xml:46:13-47
70            <meta-data
70-->src\main\AndroidManifest.xml:47:13-49:54
71                android:name="android.support.FILE_PROVIDER_PATHS"
71-->src\main\AndroidManifest.xml:48:17-67
72                android:resource="@xml/file_paths" />
72-->src\main\AndroidManifest.xml:49:17-51
73        </provider>
74
75        <activity
75-->[com.google.android.gms:play-services-auth:20.7.0] AndroidManifest.xml:23:9-27:75
76            android:name="com.google.android.gms.auth.api.signin.internal.SignInHubActivity"
76-->[com.google.android.gms:play-services-auth:20.7.0] AndroidManifest.xml:24:13-93
77            android:excludeFromRecents="true"
77-->[com.google.android.gms:play-services-auth:20.7.0] AndroidManifest.xml:25:13-46
78            android:exported="false"
78-->[com.google.android.gms:play-services-auth:20.7.0] AndroidManifest.xml:26:13-37
79            android:theme="@android:style/Theme.Translucent.NoTitleBar" />
79-->[com.google.android.gms:play-services-auth:20.7.0] AndroidManifest.xml:27:13-72
80        <!--
81            Service handling Google Sign-In user revocation. For apps that do not integrate with
82            Google Sign-In, this service will never be started.
83        -->
84        <service
84-->[com.google.android.gms:play-services-auth:20.7.0] AndroidManifest.xml:33:9-37:51
85            android:name="com.google.android.gms.auth.api.signin.RevocationBoundService"
85-->[com.google.android.gms:play-services-auth:20.7.0] AndroidManifest.xml:34:13-89
86            android:exported="true"
86-->[com.google.android.gms:play-services-auth:20.7.0] AndroidManifest.xml:35:13-36
87            android:permission="com.google.android.gms.auth.api.signin.permission.REVOCATION_NOTIFICATION"
87-->[com.google.android.gms:play-services-auth:20.7.0] AndroidManifest.xml:36:13-107
88            android:visibleToInstantApps="true" />
88-->[com.google.android.gms:play-services-auth:20.7.0] AndroidManifest.xml:37:13-48
89        <service
89-->[com.google.firebase:firebase-auth-ktx:22.3.1] AndroidManifest.xml:8:9-14:19
90            android:name="com.google.firebase.components.ComponentDiscoveryService"
90-->[com.google.firebase:firebase-auth-ktx:22.3.1] AndroidManifest.xml:9:13-84
91            android:directBootAware="true"
91-->[com.google.firebase:firebase-common:20.4.2] AndroidManifest.xml:32:13-43
92            android:exported="false" >
92-->[com.google.firebase:firebase-auth-ktx:22.3.1] AndroidManifest.xml:10:13-37
93            <meta-data
93-->[com.google.firebase:firebase-auth-ktx:22.3.1] AndroidManifest.xml:11:13-13:85
94                android:name="com.google.firebase.components:com.google.firebase.auth.ktx.FirebaseAuthLegacyRegistrar"
94-->[com.google.firebase:firebase-auth-ktx:22.3.1] AndroidManifest.xml:12:17-119
95                android:value="com.google.firebase.components.ComponentRegistrar" />
95-->[com.google.firebase:firebase-auth-ktx:22.3.1] AndroidManifest.xml:13:17-82
96            <meta-data
96-->[com.google.firebase:firebase-auth:22.3.1] AndroidManifest.xml:69:13-71:85
97                android:name="com.google.firebase.components:com.google.firebase.auth.FirebaseAuthRegistrar"
97-->[com.google.firebase:firebase-auth:22.3.1] AndroidManifest.xml:70:17-109
98                android:value="com.google.firebase.components.ComponentRegistrar" />
98-->[com.google.firebase:firebase-auth:22.3.1] AndroidManifest.xml:71:17-82
99            <meta-data
99-->[com.google.firebase:firebase-storage-ktx:20.3.0] AndroidManifest.xml:12:13-14:85
100                android:name="com.google.firebase.components:com.google.firebase.storage.ktx.FirebaseStorageLegacyRegistrar"
100-->[com.google.firebase:firebase-storage-ktx:20.3.0] AndroidManifest.xml:13:17-125
101                android:value="com.google.firebase.components.ComponentRegistrar" />
101-->[com.google.firebase:firebase-storage-ktx:20.3.0] AndroidManifest.xml:14:17-82
102            <meta-data
102-->[com.google.firebase:firebase-storage:20.3.0] AndroidManifest.xml:30:13-32:85
103                android:name="com.google.firebase.components:com.google.firebase.storage.FirebaseStorageKtxRegistrar"
103-->[com.google.firebase:firebase-storage:20.3.0] AndroidManifest.xml:31:17-118
104                android:value="com.google.firebase.components.ComponentRegistrar" />
104-->[com.google.firebase:firebase-storage:20.3.0] AndroidManifest.xml:32:17-82
105            <meta-data
105-->[com.google.firebase:firebase-storage:20.3.0] AndroidManifest.xml:33:13-35:85
106                android:name="com.google.firebase.components:com.google.firebase.storage.StorageRegistrar"
106-->[com.google.firebase:firebase-storage:20.3.0] AndroidManifest.xml:34:17-107
107                android:value="com.google.firebase.components.ComponentRegistrar" />
107-->[com.google.firebase:firebase-storage:20.3.0] AndroidManifest.xml:35:17-82
108            <meta-data
108-->[com.google.firebase:firebase-firestore-ktx:24.10.3] AndroidManifest.xml:12:13-14:85
109                android:name="com.google.firebase.components:com.google.firebase.firestore.ktx.FirebaseFirestoreLegacyRegistrar"
109-->[com.google.firebase:firebase-firestore-ktx:24.10.3] AndroidManifest.xml:13:17-129
110                android:value="com.google.firebase.components.ComponentRegistrar" />
110-->[com.google.firebase:firebase-firestore-ktx:24.10.3] AndroidManifest.xml:14:17-82
111            <meta-data
111-->[com.google.firebase:firebase-firestore:24.10.3] AndroidManifest.xml:17:13-19:85
112                android:name="com.google.firebase.components:com.google.firebase.firestore.FirebaseFirestoreKtxRegistrar"
112-->[com.google.firebase:firebase-firestore:24.10.3] AndroidManifest.xml:18:17-122
113                android:value="com.google.firebase.components.ComponentRegistrar" />
113-->[com.google.firebase:firebase-firestore:24.10.3] AndroidManifest.xml:19:17-82
114            <meta-data
114-->[com.google.firebase:firebase-firestore:24.10.3] AndroidManifest.xml:20:13-22:85
115                android:name="com.google.firebase.components:com.google.firebase.firestore.FirestoreRegistrar"
115-->[com.google.firebase:firebase-firestore:24.10.3] AndroidManifest.xml:21:17-111
116                android:value="com.google.firebase.components.ComponentRegistrar" />
116-->[com.google.firebase:firebase-firestore:24.10.3] AndroidManifest.xml:22:17-82
117            <meta-data
117-->[com.google.firebase:firebase-appcheck:17.1.2] AndroidManifest.xml:25:13-27:85
118                android:name="com.google.firebase.components:com.google.firebase.appcheck.FirebaseAppCheckKtxRegistrar"
118-->[com.google.firebase:firebase-appcheck:17.1.2] AndroidManifest.xml:26:17-120
119                android:value="com.google.firebase.components.ComponentRegistrar" />
119-->[com.google.firebase:firebase-appcheck:17.1.2] AndroidManifest.xml:27:17-82
120            <meta-data
120-->[com.google.firebase:firebase-appcheck:17.1.2] AndroidManifest.xml:28:13-30:85
121                android:name="com.google.firebase.components:com.google.firebase.appcheck.FirebaseAppCheckRegistrar"
121-->[com.google.firebase:firebase-appcheck:17.1.2] AndroidManifest.xml:29:17-117
122                android:value="com.google.firebase.components.ComponentRegistrar" />
122-->[com.google.firebase:firebase-appcheck:17.1.2] AndroidManifest.xml:30:17-82
123            <meta-data
123-->[com.google.firebase:firebase-common-ktx:20.4.2] AndroidManifest.xml:12:13-14:85
124                android:name="com.google.firebase.components:com.google.firebase.ktx.FirebaseCommonLegacyRegistrar"
124-->[com.google.firebase:firebase-common-ktx:20.4.2] AndroidManifest.xml:13:17-116
125                android:value="com.google.firebase.components.ComponentRegistrar" />
125-->[com.google.firebase:firebase-common-ktx:20.4.2] AndroidManifest.xml:14:17-82
126            <meta-data
126-->[com.google.firebase:firebase-common:20.4.2] AndroidManifest.xml:35:13-37:85
127                android:name="com.google.firebase.components:com.google.firebase.FirebaseCommonKtxRegistrar"
127-->[com.google.firebase:firebase-common:20.4.2] AndroidManifest.xml:36:17-109
128                android:value="com.google.firebase.components.ComponentRegistrar" />
128-->[com.google.firebase:firebase-common:20.4.2] AndroidManifest.xml:37:17-82
129        </service>
130
131        <activity
131-->[com.google.firebase:firebase-auth:22.3.1] AndroidManifest.xml:29:9-46:20
132            android:name="com.google.firebase.auth.internal.GenericIdpActivity"
132-->[com.google.firebase:firebase-auth:22.3.1] AndroidManifest.xml:30:13-80
133            android:excludeFromRecents="true"
133-->[com.google.firebase:firebase-auth:22.3.1] AndroidManifest.xml:31:13-46
134            android:exported="true"
134-->[com.google.firebase:firebase-auth:22.3.1] AndroidManifest.xml:32:13-36
135            android:launchMode="singleTask"
135-->[com.google.firebase:firebase-auth:22.3.1] AndroidManifest.xml:33:13-44
136            android:theme="@android:style/Theme.Translucent.NoTitleBar" >
136-->[com.google.firebase:firebase-auth:22.3.1] AndroidManifest.xml:34:13-72
137            <intent-filter>
137-->[com.google.firebase:firebase-auth:22.3.1] AndroidManifest.xml:35:13-45:29
138                <action android:name="android.intent.action.VIEW" />
138-->[com.google.firebase:firebase-auth:22.3.1] AndroidManifest.xml:36:17-69
138-->[com.google.firebase:firebase-auth:22.3.1] AndroidManifest.xml:36:25-66
139
140                <category android:name="android.intent.category.DEFAULT" />
140-->[com.google.firebase:firebase-auth:22.3.1] AndroidManifest.xml:38:17-76
140-->[com.google.firebase:firebase-auth:22.3.1] AndroidManifest.xml:38:27-73
141                <category android:name="android.intent.category.BROWSABLE" />
141-->[com.google.firebase:firebase-auth:22.3.1] AndroidManifest.xml:39:17-78
141-->[com.google.firebase:firebase-auth:22.3.1] AndroidManifest.xml:39:27-75
142
143                <data
143-->[com.google.firebase:firebase-auth:22.3.1] AndroidManifest.xml:41:17-44:51
144                    android:host="firebase.auth"
144-->[com.google.firebase:firebase-auth:22.3.1] AndroidManifest.xml:42:21-49
145                    android:path="/"
145-->[com.google.firebase:firebase-auth:22.3.1] AndroidManifest.xml:43:21-37
146                    android:scheme="genericidp" />
146-->[com.google.firebase:firebase-auth:22.3.1] AndroidManifest.xml:44:21-48
147            </intent-filter>
148        </activity>
149        <activity
149-->[com.google.firebase:firebase-auth:22.3.1] AndroidManifest.xml:47:9-64:20
150            android:name="com.google.firebase.auth.internal.RecaptchaActivity"
150-->[com.google.firebase:firebase-auth:22.3.1] AndroidManifest.xml:48:13-79
151            android:excludeFromRecents="true"
151-->[com.google.firebase:firebase-auth:22.3.1] AndroidManifest.xml:49:13-46
152            android:exported="true"
152-->[com.google.firebase:firebase-auth:22.3.1] AndroidManifest.xml:50:13-36
153            android:launchMode="singleTask"
153-->[com.google.firebase:firebase-auth:22.3.1] AndroidManifest.xml:51:13-44
154            android:theme="@android:style/Theme.Translucent.NoTitleBar" >
154-->[com.google.firebase:firebase-auth:22.3.1] AndroidManifest.xml:52:13-72
155            <intent-filter>
155-->[com.google.firebase:firebase-auth:22.3.1] AndroidManifest.xml:53:13-63:29
156                <action android:name="android.intent.action.VIEW" />
156-->[com.google.firebase:firebase-auth:22.3.1] AndroidManifest.xml:36:17-69
156-->[com.google.firebase:firebase-auth:22.3.1] AndroidManifest.xml:36:25-66
157
158                <category android:name="android.intent.category.DEFAULT" />
158-->[com.google.firebase:firebase-auth:22.3.1] AndroidManifest.xml:38:17-76
158-->[com.google.firebase:firebase-auth:22.3.1] AndroidManifest.xml:38:27-73
159                <category android:name="android.intent.category.BROWSABLE" />
159-->[com.google.firebase:firebase-auth:22.3.1] AndroidManifest.xml:39:17-78
159-->[com.google.firebase:firebase-auth:22.3.1] AndroidManifest.xml:39:27-75
160
161                <data
161-->[com.google.firebase:firebase-auth:22.3.1] AndroidManifest.xml:41:17-44:51
162                    android:host="firebase.auth"
162-->[com.google.firebase:firebase-auth:22.3.1] AndroidManifest.xml:42:21-49
163                    android:path="/"
163-->[com.google.firebase:firebase-auth:22.3.1] AndroidManifest.xml:43:21-37
164                    android:scheme="recaptcha" />
164-->[com.google.firebase:firebase-auth:22.3.1] AndroidManifest.xml:44:21-48
165            </intent-filter>
166        </activity>
167        <activity
167-->[com.google.android.gms:play-services-base:18.1.0] AndroidManifest.xml:20:9-22:45
168            android:name="com.google.android.gms.common.api.GoogleApiActivity"
168-->[com.google.android.gms:play-services-base:18.1.0] AndroidManifest.xml:20:19-85
169            android:exported="false"
169-->[com.google.android.gms:play-services-base:18.1.0] AndroidManifest.xml:22:19-43
170            android:theme="@android:style/Theme.Translucent.NoTitleBar" />
170-->[com.google.android.gms:play-services-base:18.1.0] AndroidManifest.xml:21:19-78
171
172        <provider
172-->[com.google.firebase:firebase-common:20.4.2] AndroidManifest.xml:23:9-28:39
173            android:name="com.google.firebase.provider.FirebaseInitProvider"
173-->[com.google.firebase:firebase-common:20.4.2] AndroidManifest.xml:24:13-77
174            android:authorities="com.example.gestaobilhares.firebaseinitprovider"
174-->[com.google.firebase:firebase-common:20.4.2] AndroidManifest.xml:25:13-72
175            android:directBootAware="true"
175-->[com.google.firebase:firebase-common:20.4.2] AndroidManifest.xml:26:13-43
176            android:exported="false"
176-->[com.google.firebase:firebase-common:20.4.2] AndroidManifest.xml:27:13-37
177            android:initOrder="100" />
177-->[com.google.firebase:firebase-common:20.4.2] AndroidManifest.xml:28:13-36
178
179        <service
179-->[androidx.room:room-runtime:2.6.1] AndroidManifest.xml:24:9-28:63
180            android:name="androidx.room.MultiInstanceInvalidationService"
180-->[androidx.room:room-runtime:2.6.1] AndroidManifest.xml:25:13-74
181            android:directBootAware="true"
181-->[androidx.room:room-runtime:2.6.1] AndroidManifest.xml:26:13-43
182            android:exported="false" />
182-->[androidx.room:room-runtime:2.6.1] AndroidManifest.xml:27:13-37
183
184        <provider
184-->[androidx.work:work-runtime:2.9.1] AndroidManifest.xml:29:9-37:20
185            android:name="androidx.startup.InitializationProvider"
185-->[androidx.work:work-runtime:2.9.1] AndroidManifest.xml:30:13-67
186            android:authorities="com.example.gestaobilhares.androidx-startup"
186-->[androidx.work:work-runtime:2.9.1] AndroidManifest.xml:31:13-68
187            android:exported="false" >
187-->[androidx.work:work-runtime:2.9.1] AndroidManifest.xml:32:13-37
188            <meta-data
188-->[androidx.work:work-runtime:2.9.1] AndroidManifest.xml:34:13-36:52
189                android:name="androidx.work.WorkManagerInitializer"
189-->[androidx.work:work-runtime:2.9.1] AndroidManifest.xml:35:17-68
190                android:value="androidx.startup" />
190-->[androidx.work:work-runtime:2.9.1] AndroidManifest.xml:36:17-49
191            <meta-data
191-->[androidx.emoji2:emoji2:1.4.0] AndroidManifest.xml:29:13-31:52
192                android:name="androidx.emoji2.text.EmojiCompatInitializer"
192-->[androidx.emoji2:emoji2:1.4.0] AndroidManifest.xml:30:17-75
193                android:value="androidx.startup" />
193-->[androidx.emoji2:emoji2:1.4.0] AndroidManifest.xml:31:17-49
194            <meta-data
194-->[androidx.lifecycle:lifecycle-process:2.7.0] AndroidManifest.xml:29:13-31:52
195                android:name="androidx.lifecycle.ProcessLifecycleInitializer"
195-->[androidx.lifecycle:lifecycle-process:2.7.0] AndroidManifest.xml:30:17-78
196                android:value="androidx.startup" />
196-->[androidx.lifecycle:lifecycle-process:2.7.0] AndroidManifest.xml:31:17-49
197            <meta-data
197-->[androidx.profileinstaller:profileinstaller:1.3.0] AndroidManifest.xml:29:13-31:52
198                android:name="androidx.profileinstaller.ProfileInstallerInitializer"
198-->[androidx.profileinstaller:profileinstaller:1.3.0] AndroidManifest.xml:30:17-85
199                android:value="androidx.startup" />
199-->[androidx.profileinstaller:profileinstaller:1.3.0] AndroidManifest.xml:31:17-49
200        </provider>
201
202        <service
202-->[androidx.work:work-runtime:2.9.1] AndroidManifest.xml:39:9-45:35
203            android:name="androidx.work.impl.background.systemalarm.SystemAlarmService"
203-->[androidx.work:work-runtime:2.9.1] AndroidManifest.xml:40:13-88
204            android:directBootAware="false"
204-->[androidx.work:work-runtime:2.9.1] AndroidManifest.xml:41:13-44
205            android:enabled="@bool/enable_system_alarm_service_default"
205-->[androidx.work:work-runtime:2.9.1] AndroidManifest.xml:42:13-72
206            android:exported="false" />
206-->[androidx.work:work-runtime:2.9.1] AndroidManifest.xml:43:13-37
207        <service
207-->[androidx.work:work-runtime:2.9.1] AndroidManifest.xml:46:9-52:35
208            android:name="androidx.work.impl.background.systemjob.SystemJobService"
208-->[androidx.work:work-runtime:2.9.1] AndroidManifest.xml:47:13-84
209            android:directBootAware="false"
209-->[androidx.work:work-runtime:2.9.1] AndroidManifest.xml:48:13-44
210            android:enabled="@bool/enable_system_job_service_default"
210-->[androidx.work:work-runtime:2.9.1] AndroidManifest.xml:49:13-70
211            android:exported="true"
211-->[androidx.work:work-runtime:2.9.1] AndroidManifest.xml:50:13-36
212            android:permission="android.permission.BIND_JOB_SERVICE" />
212-->[androidx.work:work-runtime:2.9.1] AndroidManifest.xml:51:13-69
213        <service
213-->[androidx.work:work-runtime:2.9.1] AndroidManifest.xml:53:9-59:35
214            android:name="androidx.work.impl.foreground.SystemForegroundService"
214-->[androidx.work:work-runtime:2.9.1] AndroidManifest.xml:54:13-81
215            android:directBootAware="false"
215-->[androidx.work:work-runtime:2.9.1] AndroidManifest.xml:55:13-44
216            android:enabled="@bool/enable_system_foreground_service_default"
216-->[androidx.work:work-runtime:2.9.1] AndroidManifest.xml:56:13-77
217            android:exported="false" />
217-->[androidx.work:work-runtime:2.9.1] AndroidManifest.xml:57:13-37
218
219        <receiver
219-->[androidx.work:work-runtime:2.9.1] AndroidManifest.xml:61:9-66:35
220            android:name="androidx.work.impl.utils.ForceStopRunnable$BroadcastReceiver"
220-->[androidx.work:work-runtime:2.9.1] AndroidManifest.xml:62:13-88
221            android:directBootAware="false"
221-->[androidx.work:work-runtime:2.9.1] AndroidManifest.xml:63:13-44
222            android:enabled="true"
222-->[androidx.work:work-runtime:2.9.1] AndroidManifest.xml:64:13-35
223            android:exported="false" />
223-->[androidx.work:work-runtime:2.9.1] AndroidManifest.xml:65:13-37
224        <receiver
224-->[androidx.work:work-runtime:2.9.1] AndroidManifest.xml:67:9-77:20
225            android:name="androidx.work.impl.background.systemalarm.ConstraintProxy$BatteryChargingProxy"
225-->[androidx.work:work-runtime:2.9.1] AndroidManifest.xml:68:13-106
226            android:directBootAware="false"
226-->[androidx.work:work-runtime:2.9.1] AndroidManifest.xml:69:13-44
227            android:enabled="false"
227-->[androidx.work:work-runtime:2.9.1] AndroidManifest.xml:70:13-36
228            android:exported="false" >
228-->[androidx.work:work-runtime:2.9.1] AndroidManifest.xml:71:13-37
229            <intent-filter>
229-->[androidx.work:work-runtime:2.9.1] AndroidManifest.xml:73:13-76:29
230                <action android:name="android.intent.action.ACTION_POWER_CONNECTED" />
230-->[androidx.work:work-runtime:2.9.1] AndroidManifest.xml:74:17-87
230-->[androidx.work:work-runtime:2.9.1] AndroidManifest.xml:74:25-84
231                <action android:name="android.intent.action.ACTION_POWER_DISCONNECTED" />
231-->[androidx.work:work-runtime:2.9.1] AndroidManifest.xml:75:17-90
231-->[androidx.work:work-runtime:2.9.1] AndroidManifest.xml:75:25-87
232            </intent-filter>
233        </receiver>
234        <receiver
234-->[androidx.work:work-runtime:2.9.1] AndroidManifest.xml:78:9-88:20
235            android:name="androidx.work.impl.background.systemalarm.ConstraintProxy$BatteryNotLowProxy"
235-->[androidx.work:work-runtime:2.9.1] AndroidManifest.xml:79:13-104
236            android:directBootAware="false"
236-->[androidx.work:work-runtime:2.9.1] AndroidManifest.xml:80:13-44
237            android:enabled="false"
237-->[androidx.work:work-runtime:2.9.1] AndroidManifest.xml:81:13-36
238            android:exported="false" >
238-->[androidx.work:work-runtime:2.9.1] AndroidManifest.xml:82:13-37
239            <intent-filter>
239-->[androidx.work:work-runtime:2.9.1] AndroidManifest.xml:84:13-87:29
240                <action android:name="android.intent.action.BATTERY_OKAY" />
240-->[androidx.work:work-runtime:2.9.1] AndroidManifest.xml:85:17-77
240-->[androidx.work:work-runtime:2.9.1] AndroidManifest.xml:85:25-74
241                <action android:name="android.intent.action.BATTERY_LOW" />
241-->[androidx.work:work-runtime:2.9.1] AndroidManifest.xml:86:17-76
241-->[androidx.work:work-runtime:2.9.1] AndroidManifest.xml:86:25-73
242            </intent-filter>
243        </receiver>
244        <receiver
244-->[androidx.work:work-runtime:2.9.1] AndroidManifest.xml:89:9-99:20
245            android:name="androidx.work.impl.background.systemalarm.ConstraintProxy$StorageNotLowProxy"
245-->[androidx.work:work-runtime:2.9.1] AndroidManifest.xml:90:13-104
246            android:directBootAware="false"
246-->[androidx.work:work-runtime:2.9.1] AndroidManifest.xml:91:13-44
247            android:enabled="false"
247-->[androidx.work:work-runtime:2.9.1] AndroidManifest.xml:92:13-36
248            android:exported="false" >
248-->[androidx.work:work-runtime:2.9.1] AndroidManifest.xml:93:13-37
249            <intent-filter>
249-->[androidx.work:work-runtime:2.9.1] AndroidManifest.xml:95:13-98:29
250                <action android:name="android.intent.action.DEVICE_STORAGE_LOW" />
250-->[androidx.work:work-runtime:2.9.1] AndroidManifest.xml:96:17-83
250-->[androidx.work:work-runtime:2.9.1] AndroidManifest.xml:96:25-80
251                <action android:name="android.intent.action.DEVICE_STORAGE_OK" />
251-->[androidx.work:work-runtime:2.9.1] AndroidManifest.xml:97:17-82
251-->[androidx.work:work-runtime:2.9.1] AndroidManifest.xml:97:25-79
252            </intent-filter>
253        </receiver>
254        <receiver
254-->[androidx.work:work-runtime:2.9.1] AndroidManifest.xml:100:9-109:20
255            android:name="androidx.work.impl.background.systemalarm.ConstraintProxy$NetworkStateProxy"
255-->[androidx.work:work-runtime:2.9.1] AndroidManifest.xml:101:13-103
256            android:directBootAware="false"
256-->[androidx.work:work-runtime:2.9.1] AndroidManifest.xml:102:13-44
257            android:enabled="false"
257-->[androidx.work:work-runtime:2.9.1] AndroidManifest.xml:103:13-36
258            android:exported="false" >
258-->[androidx.work:work-runtime:2.9.1] AndroidManifest.xml:104:13-37
259            <intent-filter>
259-->[androidx.work:work-runtime:2.9.1] AndroidManifest.xml:106:13-108:29
260                <action android:name="android.net.conn.CONNECTIVITY_CHANGE" />
260-->[androidx.work:work-runtime:2.9.1] AndroidManifest.xml:107:17-79
260-->[androidx.work:work-runtime:2.9.1] AndroidManifest.xml:107:25-76
261            </intent-filter>
262        </receiver>
263        <receiver
263-->[androidx.work:work-runtime:2.9.1] AndroidManifest.xml:110:9-121:20
264            android:name="androidx.work.impl.background.systemalarm.RescheduleReceiver"